2023-12-05 19:36:36 INFO: Game started
2023-12-05 19:43:58 INFO: Player X moved to (1, 1)
2023-12-05 19:43:58 INFO: Player O moved to (1, 2)
2023-12-05 19:43:59 INFO: Player X moved to (1, 0)
2023-12-05 19:43:59 INFO: Player O moved to (0, 0)
2023-12-05 19:44:00 INFO: Player X moved to (0, 1)
2023-12-05 19:44:00 INFO: Player O moved to (2, 2)
2023-12-05 19:44:02 WARNING: Invalid move by X
2023-12-05 19:44:03 WARNING: Invalid move by X
2023-12-05 19:44:05 WARNING: Invalid move by X
2023-12-05 19:44:06 WARNING: Invalid move by X
2023-12-05 19:44:06 WARNING: Invalid move by X
2023-12-05 19:44:08 INFO: Player X moved to (0, 2)
2023-12-05 19:44:08 INFO: Player O moved to (2, 1)
2023-12-05 19:44:08 WARNING: Invalid move by X
2023-12-05 19:44:09 WARNING: Invalid move by X
2023-12-05 19:44:10 WARNING: Invalid move by X
2023-12-05 19:44:11 WARNING: Invalid move by X
2023-12-05 19:44:11 WARNING: Invalid move by X
2023-12-05 19:44:12 WARNING: Invalid move by X
2023-12-05 19:44:13 WARNING: Invalid move by X
2023-12-05 19:44:13 WARNING: Invalid move by X
2023-12-05 19:45:22 INFO: Player X moved to (0, 1)
2023-12-05 19:45:22 INFO: Player O moved to (0, 0)
2023-12-05 19:46:08 INFO: Player X moved to (0, 0)
2023-12-05 19:46:08 INFO: Player O moved to (0, 2)
2023-12-05 19:50:26 INFO: Player X moved to (0, 1)
2023-12-05 19:50:26 INFO: Player O moved to (0, 2)
2023-12-05 19:50:29 WARNING: Invalid move by X
2023-12-05 19:50:30 INFO: Player X moved to (1, 2)
2023-12-05 19:50:30 INFO: Player O moved to (2, 0)
2023-12-05 19:50:32 INFO: Player X moved to (1, 0)
2023-12-05 19:50:32 INFO: Player O moved to (2, 1)
2023-12-05 19:50:33 INFO: Player X moved to (2, 2)
2023-12-05 19:50:33 INFO: Player O moved to (1, 1)
2023-12-05 19:50:33 INFO: O wins!
2023-12-05 19:54:59 INFO: Player X moved to (0, 0)
2023-12-05 19:54:59 INFO: Player O moved to (2, 0)
2023-12-05 19:55:00 INFO: Player X moved to (1, 1)
2023-12-05 19:55:00 INFO: Player O moved to (2, 2)
2023-12-05 19:55:01 WARNING: Invalid move by X
2023-12-05 19:55:02 INFO: Player X moved to (0, 1)
2023-12-05 19:55:02 INFO: Player O moved to (2, 1)
2023-12-05 19:55:02 INFO: O wins!
2023-12-05 19:55:44 INFO: Player X moved to (0, 0)
2023-12-05 19:55:44 INFO: Player O moved to (0, 2)
2023-12-05 19:55:45 INFO: Player X moved to (2, 1)
2023-12-05 19:55:45 INFO: Player O moved to (2, 0)
2023-12-05 19:55:46 INFO: Player X moved to (2, 2)
2023-12-05 19:55:46 INFO: Player O moved to (1, 1)
2023-12-05 19:55:46 INFO: O wins!
2023-12-05 19:55:58 INFO: Player X moved to (1, 1)
2023-12-05 19:55:58 INFO: Player O moved to (1, 2)
2023-12-05 19:56:00 INFO: Player X moved to (2, 2)
2023-12-05 19:56:00 INFO: Player O moved to (2, 1)
2023-12-05 19:56:02 INFO: Player X moved to (1, 0)
2023-12-05 19:56:02 INFO: Player O moved to (0, 2)
2023-12-05 19:56:03 INFO: Player X moved to (0, 1)
2023-12-05 19:56:03 INFO: Player O moved to (0, 0)
2023-12-05 19:56:06 INFO: Player X moved to (2, 0)
2023-12-05 19:56:06 INFO: The game is a draw.
2023-12-05 20:29:24 INFO: Game started
2023-12-05 20:29:27 INFO: Player X moved to (0, 0)
2023-12-05 20:29:27 INFO: Player O moved to (1, 0)
2023-12-05 20:29:28 INFO: Player X moved to (1, 1)
2023-12-05 20:29:28 INFO: Player O moved to (2, 1)
2023-12-05 20:29:30 WARNING: Invalid move by X
2023-12-05 20:29:33 INFO: Player X moved to (2, 2)
2023-12-05 20:29:33 INFO: X wins!
2023-12-05 20:31:53 INFO: Game started
2023-12-05 20:31:55 INFO: Player X moved to (0, 0)
2023-12-05 20:31:55 INFO: Player O moved to (0, 1)
2023-12-05 20:31:57 INFO: Player X moved to (1, 1)
2023-12-05 20:31:57 INFO: Player O moved to (2, 1)
2023-12-05 20:31:59 INFO: Player X moved to (2, 0)
2023-12-05 20:31:59 INFO: Player O moved to (0, 2)
2023-12-05 20:32:01 INFO: Player X moved to (1, 2)
2023-12-05 20:32:01 INFO: Player O moved to (1, 0)
2023-12-05 20:32:03 INFO: Player X moved to (2, 2)
2023-12-05 20:32:03 INFO: X wins!
2023-12-05 20:33:52 INFO: Game started
2023-12-05 20:34:00 INFO: Game started
2023-12-05 20:34:02 INFO: Player X moved to (0, 0)
2023-12-05 20:34:02 INFO: Player O moved to (1, 1)
2023-12-05 20:34:03 INFO: Player X moved to (2, 1)
2023-12-05 20:34:03 INFO: Player O moved to (2, 2)
2023-12-05 20:34:05 INFO: Player X moved to (0, 1)
2023-12-05 20:34:05 INFO: Player O moved to (2, 0)
2023-12-05 20:34:08 INFO: Player X moved to (1, 0)
2023-12-05 20:34:08 INFO: Player O moved to (0, 2)
2023-12-05 20:34:08 INFO: O wins!
2023-12-05 20:34:48 INFO: Game started
2023-12-05 20:34:50 INFO: Player X moved to (0, 0)
2023-12-05 20:34:50 INFO: Player O moved to (0, 2)
2023-12-05 20:34:51 INFO: Player X moved to (2, 1)
2023-12-05 20:34:51 INFO: Player O moved to (1, 2)
2023-12-05 20:34:53 INFO: Player X moved to (2, 2)
2023-12-05 20:34:53 INFO: Player O moved to (0, 1)
2023-12-05 20:34:54 INFO: Player X moved to (1, 0)
2023-12-05 20:34:54 INFO: Player O moved to (2, 0)
2023-12-05 20:34:58 INFO: Player X moved to (1, 1)
2023-12-05 20:34:58 INFO: X wins!
2023-12-05 20:35:11 INFO: Game started
2023-12-05 20:35:13 INFO: Player X moved to (1, 1)
2023-12-05 20:35:13 INFO: Player O moved to (2, 0)
2023-12-05 20:35:15 WARNING: Invalid move by X
2023-12-05 20:35:18 INFO: Player X moved to (0, 0)
2023-12-05 20:35:18 INFO: Player O moved to (0, 1)
2023-12-05 20:35:20 INFO: Player X moved to (2, 2)
2023-12-05 20:35:20 INFO: X wins!
2023-12-05 20:59:54 INFO: Game started
2023-12-05 20:59:56 INFO: Player X moved to (0, 0)
2023-12-05 20:59:56 INFO: Player O moved to (1, 0)
2023-12-05 20:59:57 INFO: Player X moved to (1, 1)
2023-12-05 20:59:57 INFO: Player O moved to (2, 0)
2023-12-05 20:59:58 INFO: Player X moved to (2, 2)
2023-12-05 20:59:58 INFO: X wins!
2023-12-05 21:02:02 INFO: Game started
2023-12-05 21:02:05 INFO: Player X moved to (0, 0)
2023-12-05 21:02:05 INFO: Player O moved to (2, 0)
2023-12-05 21:02:06 INFO: Player X moved to (1, 1)
2023-12-05 21:02:06 INFO: Player O moved to (0, 1)
2023-12-05 21:02:07 INFO: Player X moved to (2, 2)
2023-12-05 21:02:07 INFO: X wins!
2023-12-05 21:04:11 INFO: Game started
2023-12-05 21:04:13 INFO: Player X moved to (0, 0)
2023-12-05 21:04:13 INFO: Player O moved to (2, 1)
2023-12-05 21:04:14 INFO: Player X moved to (1, 1)
2023-12-05 21:04:14 INFO: Player O moved to (0, 2)
2023-12-05 21:04:15 INFO: Player X moved to (2, 2)
2023-12-05 21:04:15 INFO: X wins!
2023-12-05 21:04:28 INFO: Game started
2023-12-05 21:04:29 INFO: Player X moved to (1, 2)
2023-12-05 21:04:29 INFO: Player O moved to (1, 1)
2023-12-05 21:04:31 INFO: Player X moved to (2, 1)
2023-12-05 21:04:31 INFO: Player O moved to (0, 0)
2023-12-05 21:04:32 INFO: Player X moved to (2, 0)
2023-12-05 21:04:32 INFO: Player O moved to (0, 2)
2023-12-05 21:04:35 INFO: Player X moved to (1, 0)
2023-12-05 21:04:35 INFO: Player O moved to (0, 1)
2023-12-05 21:04:35 INFO: O wins!
2023-12-05 21:05:09 INFO: Game started
2023-12-05 21:05:11 INFO: Player X moved to (0, 0)
2023-12-05 21:05:11 INFO: Player O moved to (2, 2)
2023-12-05 21:05:12 INFO: Player X moved to (1, 1)
2023-12-05 21:05:12 INFO: Player O moved to (1, 2)
2023-12-05 21:05:14 INFO: Player X moved to (2, 0)
2023-12-05 21:05:14 INFO: Player O moved to (0, 2)
2023-12-05 21:05:14 INFO: O wins!
2023-12-05 21:08:31 INFO: Game started
2023-12-05 21:08:33 INFO: Player X moved to (2, 0)
2023-12-05 21:08:33 INFO: Player O moved to (1, 0)
2023-12-05 21:08:34 WARNING: Invalid move by X
2023-12-05 21:08:35 INFO: Player X moved to (1, 1)
2023-12-05 21:08:35 INFO: Player O moved to (2, 2)
2023-12-05 21:08:37 INFO: Player X moved to (2, 1)
2023-12-05 21:08:37 INFO: Player O moved to (0, 0)
2023-12-05 21:08:41 INFO: Player X moved to (0, 1)
2023-12-05 21:08:41 INFO: X wins!
2023-12-05 21:09:44 INFO: Game started
2023-12-05 21:09:46 INFO: Player X moved to (2, 2)
2023-12-05 21:09:46 INFO: Player O moved to (2, 1)
2023-12-05 21:09:48 INFO: Player X moved to (1, 1)
2023-12-05 21:09:48 INFO: Player O moved to (1, 0)
2023-12-05 21:09:51 INFO: Player X moved to (0, 2)
2023-12-05 21:09:51 INFO: Player O moved to (0, 0)
2023-12-05 21:09:55 INFO: Player X moved to (1, 2)
2023-12-05 21:09:55 INFO: X wins!
2023-12-05 21:10:54 INFO: Game started
2023-12-05 21:10:56 INFO: Player X moved to (0, 0)
2023-12-05 21:10:56 INFO: Player O moved to (0, 2)
2023-12-05 21:10:57 INFO: Player X moved to (1, 1)
2023-12-05 21:10:57 INFO: Player O moved to (1, 0)
2023-12-05 21:10:59 INFO: Player X moved to (2, 1)
2023-12-05 21:10:59 INFO: Player O moved to (0, 1)
2023-12-05 21:11:02 INFO: Player X moved to (1, 2)
2023-12-05 21:11:02 INFO: Player O moved to (2, 0)
2023-12-05 21:11:06 INFO: Player X moved to (2, 2)
2023-12-05 21:11:06 INFO: X wins!
2023-12-05 21:12:46 INFO: Game started
2023-12-05 21:12:49 INFO: Player X moved to (0, 0)
2023-12-05 21:12:49 INFO: Player O moved to (1, 0)
2023-12-05 21:12:50 INFO: Player X moved to (2, 1)
2023-12-05 21:12:50 INFO: Player O moved to (2, 2)
2023-12-05 21:12:53 INFO: Player X moved to (1, 2)
2023-12-05 21:12:53 INFO: Player O moved to (0, 2)
2023-12-05 21:12:54 INFO: Player X moved to (1, 1)
2023-12-05 21:12:54 INFO: Player O moved to (2, 0)
2023-12-05 21:12:59 INFO: Player X moved to (0, 1)
2023-12-05 21:12:59 INFO: X wins!
2023-12-05 21:13:03 INFO: Game started
2023-12-05 21:13:05 INFO: Player X moved to (0, 0)
2023-12-05 21:13:05 INFO: Player O moved to (2, 0)
2023-12-05 21:13:08 WARNING: Invalid move by X
2023-12-05 21:13:11 WARNING: Invalid move by X
2023-12-05 21:13:14 INFO: Player X moved to (1, 1)
2023-12-05 21:13:14 INFO: Player O moved to (0, 1)
2023-12-05 21:13:16 INFO: Player X moved to (2, 2)
2023-12-05 21:13:16 INFO: X wins!
2023-12-05 21:13:47 INFO: Game started
2023-12-05 21:14:23 INFO: Game started
2023-12-05 21:14:25 INFO: Player X moved to (1, 1)
2023-12-05 21:14:25 INFO: Player O moved to (2, 0)
2023-12-05 21:14:28 INFO: Player X moved to (0, 0)
2023-12-05 21:14:28 INFO: Player O moved to (1, 0)
2023-12-05 21:14:31 INFO: Player X moved to (0, 2)
2023-12-05 21:14:31 INFO: Player O moved to (0, 1)
2023-12-05 21:14:36 INFO: Player X moved to (2, 1)
2023-12-05 21:14:36 INFO: Player O moved to (1, 2)
2023-12-05 21:14:37 INFO: Player X moved to (2, 2)
2023-12-05 21:14:37 INFO: X wins!
2023-12-05 21:14:43 INFO: Game started
2023-12-05 21:14:46 INFO: Player X moved to (1, 2)
2023-12-05 21:14:46 INFO: Player O moved to (0, 1)
2023-12-05 21:14:48 INFO: Player X moved to (0, 0)
2023-12-05 21:14:48 INFO: Player O moved to (2, 1)
2023-12-05 21:14:50 INFO: Player X moved to (2, 2)
2023-12-05 21:14:50 INFO: Player O moved to (2, 0)
2023-12-05 21:14:52 INFO: Player X moved to (1, 0)
2023-12-05 21:14:52 INFO: Player O moved to (0, 2)
2023-12-05 21:14:54 INFO: Player X moved to (1, 1)
2023-12-05 21:14:54 INFO: X wins!
2023-12-05 21:15:00 INFO: Game started
2023-12-05 21:15:02 INFO: Player X moved to (1, 1)
2023-12-05 21:15:02 INFO: Player O moved to (1, 2)
2023-12-05 21:15:03 INFO: Player X moved to (2, 1)
2023-12-05 21:15:03 INFO: Player O moved to (2, 0)
2023-12-05 21:15:08 INFO: Player X moved to (0, 2)
2023-12-05 21:15:08 INFO: Player O moved to (2, 2)
2023-12-05 21:15:13 INFO: Player X moved to (0, 0)
2023-12-05 21:15:13 INFO: Player O moved to (1, 0)
2023-12-05 21:15:17 INFO: Player X moved to (0, 1)
2023-12-05 21:15:17 INFO: X wins!
2023-12-05 21:15:46 INFO: Game started
2023-12-05 21:26:23 INFO: Game started
2023-12-05 21:26:25 INFO: Player X moved to (1, 2)
2023-12-05 21:26:25 INFO: Player O moved to (0, 1)
2023-12-05 21:26:26 INFO: Player X moved to (2, 1)
2023-12-05 21:26:26 INFO: Player O moved to (2, 2)
2023-12-05 21:26:27 INFO: Player X moved to (0, 0)
2023-12-05 21:26:27 INFO: Player O moved to (1, 0)
2023-12-05 21:26:29 WARNING: Invalid move by X
2023-12-05 21:26:31 INFO: Player X moved to (1, 1)
2023-12-05 21:26:31 INFO: Player O moved to (2, 0)
2023-12-05 21:26:34 INFO: Player X moved to (0, 2)
2023-12-05 21:26:34 INFO: The game is a Draw.
2023-12-05 21:27:06 INFO: Game started
2023-12-05 21:27:08 INFO: Player X moved to (2, 0)
2023-12-05 21:27:08 INFO: Player O moved to (0, 1)
2023-12-05 21:27:10 INFO: Player X moved to (1, 2)
2023-12-05 21:27:10 INFO: Player O moved to (1, 0)
2023-12-05 21:27:11 INFO: Player X moved to (2, 2)
2023-12-05 21:27:11 INFO: Player O moved to (0, 0)
2023-12-05 21:27:17 INFO: Player X moved to (2, 1)
2023-12-05 21:27:17 INFO: X wins!
2023-12-05 21:29:50 INFO: Game started
2023-12-05 21:29:52 INFO: Player X moved to (0, 0)
2023-12-05 21:29:52 INFO: Player O moved to (0, 1)
2023-12-05 21:29:54 INFO: Player X moved to (1, 1)
2023-12-05 21:29:54 INFO: Player O moved to (2, 1)
2023-12-05 21:29:55 INFO: Player X moved to (2, 2)
2023-12-05 21:31:06 INFO: Game started
2023-12-05 21:31:15 INFO: Game started
2023-12-05 21:31:16 INFO: Player X moved to (1, 1)
2023-12-05 21:31:16 INFO: Player O moved to (2, 1)
2023-12-05 21:31:18 INFO: Player X moved to (2, 2)
2023-12-05 21:31:18 INFO: Player O moved to (0, 0)
2023-12-05 21:31:21 INFO: Player X moved to (0, 2)
2023-12-05 21:31:21 INFO: Player O moved to (1, 2)
2023-12-05 21:31:25 INFO: Player X moved to (0, 1)
2023-12-05 21:31:25 INFO: Player O moved to (2, 0)
2023-12-05 21:31:42 INFO: Game started
2023-12-05 21:31:44 INFO: Player X moved to (2, 1)
2023-12-05 21:31:44 INFO: Player O moved to (1, 1)
2023-12-05 21:31:46 INFO: Player X moved to (1, 2)
2023-12-05 21:31:46 INFO: Player O moved to (1, 0)
2023-12-05 21:31:48 INFO: Player X moved to (0, 0)
2023-12-05 21:31:48 INFO: Player O moved to (2, 0)
2023-12-05 21:31:52 INFO: Player X moved to (0, 1)
2023-12-05 21:31:52 INFO: Player O moved to (2, 2)
2023-12-05 21:32:00 INFO: Player X moved to (0, 2)
2023-12-05 21:32:16 INFO: Game started
2023-12-05 21:32:18 INFO: Player X moved to (2, 1)
2023-12-05 21:32:18 INFO: Player O moved to (1, 2)
2023-12-05 21:34:21 INFO: Game started
2023-12-05 21:34:42 INFO: Game started
2023-12-05 21:34:44 INFO: Player X moved to (1, 2)
2023-12-05 21:34:44 INFO: Player O moved to (0, 0)
2023-12-05 21:34:45 INFO: Player X moved to (2, 2)
2023-12-05 21:34:45 INFO: Player O moved to (2, 1)
2023-12-05 21:35:11 INFO: Game started
2023-12-05 21:35:13 INFO: Player X moved to (1, 1)
2023-12-05 21:35:13 INFO: Player O moved to (1, 0)
2023-12-05 21:35:14 INFO: Player X moved to (2, 2)
2023-12-05 21:35:14 INFO: Player O moved to (1, 2)
2023-12-05 21:35:24 INFO: Game started
2023-12-05 21:35:52 INFO: Game started
2023-12-05 21:36:02 INFO: Game started
2023-12-05 21:36:06 INFO: Player X moved to (0, 0)
2023-12-05 21:36:06 INFO: Player O moved to (1, 0)
2023-12-05 21:36:07 INFO: Player X moved to (1, 1)
2023-12-05 21:36:07 INFO: Player O moved to (0, 2)
2023-12-05 21:36:08 INFO: Player X moved to (2, 2)
2023-12-05 21:36:17 INFO: Game started
2023-12-05 21:36:21 INFO: Player X moved to (0, 1)
2023-12-05 21:36:21 INFO: Player O moved to (2, 2)
2023-12-05 21:36:33 INFO: Game started
2023-12-05 21:36:36 INFO: Player X moved to (2, 1)
2023-12-05 21:36:36 INFO: Player O moved to (1, 2)
2023-12-05 21:36:40 INFO: Player X moved to (1, 1)
2023-12-05 21:36:40 INFO: Player O moved to (1, 0)
2023-12-05 21:36:42 INFO: Player X moved to (0, 2)
2023-12-05 21:36:42 INFO: Player O moved to (2, 0)
2023-12-05 21:37:08 INFO: Player X moved to (2, 2)
2023-12-05 21:37:08 INFO: Player O moved to (0, 0)
2023-12-05 21:37:17 INFO: Game started
2023-12-05 21:37:20 INFO: Player X moved to (2, 2)
2023-12-05 21:37:20 INFO: Player O moved to (1, 1)
2023-12-05 21:37:21 WARNING: Invalid move by X
2023-12-05 21:37:25 INFO: Player X moved to (0, 1)
2023-12-05 21:37:25 INFO: Player O moved to (0, 0)
2023-12-05 21:37:28 INFO: Player X moved to (2, 1)
2023-12-05 21:37:28 INFO: Player O moved to (1, 2)
2023-12-05 21:37:32 INFO: Player X moved to (0, 2)
2023-12-05 21:37:32 INFO: Player O moved to (1, 0)
2023-12-05 21:37:47 INFO: Game started
2023-12-05 21:37:50 INFO: Player X moved to (1, 1)
2023-12-05 21:37:50 INFO: Player O moved to (2, 2)
2023-12-05 21:37:53 INFO: Player X moved to (0, 1)
2023-12-05 21:37:53 INFO: Player O moved to (1, 2)
2023-12-05 21:37:55 INFO: Player X moved to (0, 2)
2023-12-05 21:37:55 INFO: Player O moved to (2, 1)
2023-12-05 21:37:59 INFO: Player X moved to (1, 0)
2023-12-05 21:37:59 INFO: Player O moved to (2, 0)
2023-12-05 21:38:11 INFO: Game started
2023-12-05 21:38:18 INFO: Game started
2023-12-05 21:38:24 INFO: Game started
2023-12-05 21:38:27 INFO: Player X moved to (2, 1)
2023-12-05 21:38:27 INFO: Player O moved to (0, 2)
2023-12-05 21:38:29 WARNING: Invalid move by X
2023-12-05 21:38:32 INFO: Player X moved to (1, 1)
2023-12-05 21:38:32 INFO: Player O moved to (1, 2)
2023-12-05 21:38:36 INFO: Player X moved to (0, 0)
2023-12-05 21:38:36 INFO: Player O moved to (2, 2)
2023-12-05 21:38:55 INFO: Game started
2023-12-05 21:39:01 INFO: Game started
2023-12-05 21:39:03 INFO: Player X moved to (2, 0)
2023-12-05 21:39:03 INFO: Player O moved to (2, 1)
2023-12-05 21:39:05 INFO: Player X moved to (1, 0)
2023-12-05 21:39:05 INFO: Player O moved to (0, 0)
2023-12-05 21:39:07 INFO: Player X moved to (2, 2)
2023-12-05 21:39:07 INFO: Player O moved to (1, 1)
2023-12-05 21:39:13 INFO: Player X moved to (0, 2)
2023-12-05 21:39:13 INFO: Player O moved to (0, 1)
2023-12-05 21:39:18 INFO: Game started
2023-12-05 21:39:21 INFO: Player X moved to (0, 1)
2023-12-05 21:39:21 INFO: Player O moved to (2, 0)
2023-12-05 21:39:23 INFO: Player X moved to (2, 2)
2023-12-05 21:39:23 INFO: Player O moved to (2, 1)
2023-12-05 21:39:25 INFO: Player X moved to (1, 1)
2023-12-05 21:39:25 INFO: Player O moved to (1, 2)
2023-12-05 21:39:28 INFO: Player X moved to (0, 0)
2023-12-05 21:39:49 INFO: Game started
2023-12-05 21:39:52 INFO: Player X moved to (2, 0)
2023-12-05 21:39:52 INFO: Player O moved to (2, 1)
2023-12-05 21:39:54 INFO: Player X moved to (1, 1)
2023-12-05 21:39:54 INFO: Player O moved to (0, 2)
2023-12-05 21:39:56 INFO: Player X moved to (2, 2)
2023-12-05 21:39:56 INFO: Player O moved to (0, 1)
2023-12-05 21:39:59 INFO: Player X moved to (1, 2)
2023-12-05 21:39:59 INFO: Player O moved to (0, 0)
2023-12-05 21:40:04 INFO: Game started
2023-12-05 21:40:07 INFO: Player X moved to (2, 1)
2023-12-05 21:40:07 INFO: Player O moved to (1, 2)
2023-12-05 21:40:10 INFO: Player X moved to (1, 1)
2023-12-05 21:40:10 INFO: Player O moved to (0, 2)
2023-12-05 21:40:12 INFO: Player X moved to (2, 2)
2023-12-05 21:40:12 INFO: Player O moved to (0, 0)
2023-12-05 21:40:33 INFO: Game started
2023-12-05 21:40:35 INFO: Player X moved to (1, 1)
2023-12-05 21:40:35 INFO: Player O moved to (1, 2)
2023-12-05 21:40:36 INFO: Player X moved to (2, 2)
2023-12-05 21:40:36 INFO: Player O moved to (0, 2)
2023-12-05 21:40:39 INFO: Player X moved to (0, 0)
2023-12-05 21:40:43 INFO: Game started
2023-12-05 21:40:47 INFO: Player X moved to (0, 0)
2023-12-05 21:40:47 INFO: Player O moved to (2, 0)
2023-12-05 21:40:48 WARNING: Invalid move by X
2023-12-05 21:40:50 INFO: Player X moved to (1, 0)
2023-12-05 21:40:50 INFO: Player O moved to (1, 2)
2023-12-05 21:40:51 INFO: Player X moved to (0, 2)
2023-12-05 21:40:51 INFO: Player O moved to (2, 1)
2023-12-05 21:40:54 INFO: Player X moved to (1, 1)
2023-12-05 21:40:54 INFO: Player O moved to (0, 1)
2023-12-05 21:40:57 INFO: Player X moved to (2, 2)
2023-12-05 21:41:01 INFO: Game started
2023-12-05 21:41:05 INFO: Player X moved to (1, 1)
2023-12-05 21:41:05 INFO: Player O moved to (2, 1)
2023-12-05 21:41:06 INFO: Player X moved to (2, 0)
2023-12-05 21:41:06 INFO: Player O moved to (1, 0)
2023-12-05 21:41:08 INFO: Player X moved to (2, 2)
2023-12-05 21:41:08 INFO: Player O moved to (0, 1)
2023-12-05 21:41:12 INFO: Player X moved to (0, 2)
2023-12-05 21:41:44 INFO: Game started
2023-12-05 21:41:46 INFO: Player X moved to (2, 1)
2023-12-05 21:41:46 INFO: Player O moved to (1, 1)
2023-12-05 21:41:47 INFO: Player X moved to (1, 2)
2023-12-05 21:41:47 INFO: Player O moved to (2, 0)
2023-12-05 21:41:49 INFO: Player X moved to (0, 0)
2023-12-05 21:41:49 INFO: Player O moved to (0, 1)
2023-12-05 21:41:52 INFO: Player X moved to (0, 2)
2023-12-05 21:41:52 INFO: Player O moved to (1, 0)
2023-12-05 21:41:54 INFO: Player X moved to (2, 2)
2023-12-05 21:42:04 INFO: Game started
2023-12-05 21:42:07 INFO: Player X moved to (2, 2)
2023-12-05 21:42:07 INFO: Player O moved to (1, 2)
2023-12-05 21:42:08 INFO: Player X moved to (2, 0)
2023-12-05 21:42:08 INFO: Player O moved to (0, 2)
2023-12-05 21:42:10 INFO: Player X moved to (0, 1)
2023-12-05 21:42:10 INFO: Player O moved to (1, 1)
2023-12-05 21:42:12 WARNING: Invalid move by X
2023-12-05 21:42:14 WARNING: Invalid move by X
2023-12-05 21:42:17 INFO: Player X moved to (1, 0)
2023-12-05 21:42:17 INFO: Player O moved to (2, 1)
2023-12-05 21:42:18 INFO: Player X moved to (0, 0)
2023-12-05 21:42:23 INFO: Game started
2023-12-05 21:42:26 INFO: Player X moved to (0, 0)
2023-12-05 21:42:26 INFO: Player O moved to (1, 0)
2023-12-05 21:42:28 INFO: Player X moved to (2, 1)
2023-12-05 21:42:28 INFO: Player O moved to (1, 1)
2023-12-05 21:42:30 INFO: Player X moved to (2, 2)
2023-12-05 21:42:30 INFO: Player O moved to (0, 1)
2023-12-05 21:42:33 INFO: Player X moved to (1, 2)
2023-12-05 21:42:33 INFO: Player O moved to (0, 2)
2023-12-05 21:42:37 INFO: Player X moved to (2, 0)
2023-12-05 21:42:41 INFO: Game started
2023-12-05 21:42:46 INFO: Player X moved to (1, 0)
2023-12-05 21:42:46 INFO: Player O moved to (0, 0)
2023-12-05 21:42:48 INFO: Player X moved to (2, 0)
2023-12-05 21:42:48 INFO: Player O moved to (1, 2)
2023-12-05 21:42:50 INFO: Player X moved to (0, 1)
2023-12-05 21:42:50 INFO: Player O moved to (0, 2)
2023-12-05 21:42:51 WARNING: Invalid move by X
2023-12-05 21:42:53 INFO: Player X moved to (1, 1)
2023-12-05 21:42:53 INFO: Player O moved to (2, 2)
2023-12-05 21:43:32 INFO: Game started
2023-12-05 21:43:35 INFO: Player X moved to (2, 0)
2023-12-05 21:43:35 INFO: Player O moved to (1, 2)
2023-12-05 21:43:36 INFO: Player X moved to (1, 1)
2023-12-05 21:43:36 INFO: Player O moved to (0, 0)
2023-12-05 21:43:38 WARNING: Invalid move by X
2023-12-05 21:43:40 WARNING: Invalid move by X
2023-12-05 21:43:43 INFO: Player X moved to (1, 0)
2023-12-05 21:43:43 INFO: Player O moved to (0, 2)
2023-12-05 21:43:44 INFO: Player X moved to (2, 2)
2023-12-05 21:43:44 INFO: Player O moved to (0, 1)
2023-12-05 21:43:50 INFO: Game started
2023-12-05 21:44:00 INFO: Game started
2023-12-05 21:44:05 INFO: Player X moved to (2, 2)
2023-12-05 21:44:05 INFO: Player O moved to (1, 1)
2023-12-05 21:44:11 INFO: Player X moved to (1, 2)
2023-12-05 21:44:11 INFO: Player O moved to (2, 1)
2023-12-05 21:44:13 INFO: Player X moved to (0, 0)
2023-12-05 21:44:13 INFO: Player O moved to (2, 0)
2023-12-05 21:44:16 INFO: Player X moved to (0, 1)
2023-12-05 21:44:16 INFO: Player O moved to (0, 2)
2023-12-05 21:44:21 INFO: Game started
2023-12-05 21:44:24 INFO: Player X moved to (1, 1)
2023-12-05 21:44:24 INFO: Player O moved to (0, 1)
2023-12-05 21:44:25 INFO: Player X moved to (2, 2)
2023-12-05 21:44:25 INFO: Player O moved to (1, 0)
2023-12-05 21:44:28 INFO: Player X moved to (2, 0)
2023-12-05 21:44:28 INFO: Player O moved to (0, 2)
2023-12-05 21:44:29 WARNING: Invalid move by X
2023-12-05 21:44:33 INFO: Player X moved to (1, 2)
2023-12-05 21:44:33 INFO: Player O moved to (2, 1)
2023-12-05 21:44:35 INFO: Player X moved to (0, 0)
2023-12-05 21:44:39 INFO: Game started
2023-12-05 21:44:41 INFO: Player X moved to (0, 0)
2023-12-05 21:44:41 INFO: Player O moved to (0, 1)
2023-12-05 21:44:43 INFO: Player X moved to (1, 0)
2023-12-05 21:44:43 INFO: Player O moved to (0, 2)
2023-12-05 21:44:45 INFO: Player X moved to (2, 1)
2023-12-05 21:44:45 INFO: Player O moved to (2, 0)
2023-12-05 21:44:47 INFO: Player X moved to (1, 2)
2023-12-05 21:44:47 INFO: Player O moved to (1, 1)
2023-12-05 21:45:33 INFO: Game started
2023-12-05 21:45:37 INFO: Player X moved to (2, 1)
2023-12-05 21:45:37 INFO: Player O moved to (2, 0)
2023-12-05 21:45:39 INFO: Player X moved to (2, 2)
2023-12-05 21:45:39 INFO: Player O moved to (0, 0)
2023-12-05 21:45:41 INFO: Player X moved to (1, 0)
2023-12-05 21:45:41 INFO: Player O moved to (1, 1)
2023-12-05 21:45:43 INFO: Player X moved to (0, 2)
2023-12-05 21:45:43 INFO: Player O moved to (0, 1)
2023-12-05 21:45:47 INFO: Player X moved to (1, 2)
2023-12-05 21:45:52 INFO: Game started
2023-12-05 21:45:55 INFO: Player X moved to (0, 0)
2023-12-05 21:45:55 INFO: Player O moved to (1, 1)
2023-12-05 21:45:56 INFO: Player X moved to (0, 2)
2023-12-05 21:45:56 INFO: Player O moved to (2, 1)
2023-12-05 21:45:59 WARNING: Invalid move by X
2023-12-05 21:46:02 INFO: Player X moved to (1, 2)
2023-12-05 21:46:02 INFO: Player O moved to (1, 0)
2023-12-05 21:46:04 INFO: Player X moved to (2, 2)
2023-12-05 21:46:10 INFO: Game started
2023-12-05 21:46:15 INFO: Player X moved to (1, 1)
2023-12-05 21:46:15 INFO: Player O moved to (1, 0)
2023-12-05 21:50:04 INFO: Player X moved to (0, 0)
2023-12-05 21:50:04 INFO: Player O moved to (0, 2)
2023-12-05 21:50:07 INFO: Player X moved to (2, 1)
2023-12-05 21:50:07 INFO: Player O moved to (2, 0)
2023-12-05 21:50:09 INFO: Player X moved to (0, 1)
2023-12-05 21:50:14 INFO: Game started
2023-12-05 21:50:16 INFO: Player X moved to (2, 2)
2023-12-05 21:50:16 INFO: Player O moved to (1, 1)
2023-12-05 21:50:18 INFO: Player X moved to (1, 2)
2023-12-05 21:50:18 INFO: Player O moved to (2, 1)
2023-12-05 21:50:20 INFO: Player X moved to (0, 0)
2023-12-05 21:50:20 INFO: Player O moved to (1, 0)
2023-12-05 21:50:28 INFO: Player X moved to (0, 1)
2023-12-05 21:50:28 INFO: Player O moved to (2, 0)
2023-12-05 21:50:49 INFO: Game started
2023-12-05 21:50:52 INFO: Player X moved to (2, 1)
2023-12-05 21:50:52 INFO: Player O moved to (1, 2)
2023-12-05 21:50:54 WARNING: Invalid move by X
2023-12-05 21:50:55 INFO: Player X moved to (0, 1)
2023-12-05 21:50:55 INFO: Player O moved to (1, 1)
2023-12-05 21:50:57 INFO: Player X moved to (0, 2)
2023-12-05 21:50:57 INFO: Player O moved to (1, 0)
2023-12-05 21:51:01 INFO: Game started
2023-12-05 21:51:05 INFO: Player X moved to (2, 0)
2023-12-05 21:51:05 INFO: Player O moved to (1, 2)
2023-12-05 21:51:07 INFO: Player X moved to (0, 1)
2023-12-05 21:51:07 INFO: Player O moved to (0, 0)
2023-12-05 21:51:09 WARNING: Invalid move by X
2023-12-05 21:51:10 WARNING: Invalid move by X
2023-12-05 21:51:12 INFO: Player X moved to (2, 2)
2023-12-05 21:51:12 INFO: Player O moved to (1, 0)
2023-12-05 21:51:15 WARNING: Invalid move by X
2023-12-05 21:51:17 INFO: Player X moved to (1, 1)
2023-12-05 21:51:17 INFO: Player O moved to (0, 2)
2023-12-05 21:51:19 INFO: Player X moved to (2, 1)
2023-12-05 21:51:23 INFO: Game started
2023-12-05 21:51:29 INFO: Game started
2023-12-05 21:51:30 INFO: Player X moved to (0, 0)
2023-12-05 21:51:30 INFO: Player O moved to (1, 2)
2023-12-05 21:51:31 INFO: Player X moved to (1, 1)
2023-12-05 21:51:31 INFO: Player O moved to (0, 2)
2023-12-05 21:51:32 INFO: Player X moved to (1, 0)
2023-12-05 21:51:32 INFO: Player O moved to (2, 2)
2023-12-05 21:51:38 INFO: Game started
2023-12-05 21:51:40 INFO: Player X moved to (1, 1)
2023-12-05 21:51:40 INFO: Player O moved to (2, 2)
2023-12-05 21:51:42 INFO: Player X moved to (2, 1)
2023-12-05 21:51:42 INFO: Player O moved to (0, 1)
2023-12-05 21:51:45 INFO: Player X moved to (0, 2)
2023-12-05 21:51:45 INFO: Player O moved to (0, 0)
2023-12-05 21:51:46 INFO: Player X moved to (1, 2)
2023-12-05 21:51:46 INFO: Player O moved to (2, 0)
2023-12-05 21:51:48 INFO: Player X moved to (1, 0)
2023-12-05 21:51:53 INFO: Game started
2023-12-05 21:51:55 INFO: Player X moved to (1, 0)
2023-12-05 21:51:55 INFO: Player O moved to (0, 0)
2023-12-05 21:51:57 INFO: Player X moved to (0, 1)
2023-12-05 21:51:57 INFO: Player O moved to (1, 2)
2023-12-05 21:52:08 INFO: Game started
2023-12-05 21:52:10 INFO: Player X moved to (2, 0)
2023-12-05 21:52:10 INFO: Player O moved to (2, 2)
2023-12-05 21:52:11 INFO: Player X moved to (0, 1)
2023-12-05 21:52:11 INFO: Player O moved to (1, 1)
2023-12-05 21:52:13 INFO: Player X moved to (2, 1)
2023-12-05 21:52:13 INFO: Player O moved to (0, 0)
2023-12-05 21:52:18 INFO: Game started
2023-12-05 21:52:19 INFO: Player X moved to (1, 1)
2023-12-05 21:52:19 INFO: Player O moved to (0, 1)
2023-12-05 21:52:24 INFO: Player X moved to (2, 0)
2023-12-05 21:52:24 INFO: Player O moved to (0, 0)
2023-12-05 21:52:27 INFO: Player X moved to (2, 1)
2023-12-05 21:52:27 INFO: Player O moved to (1, 0)
2023-12-05 21:52:28 INFO: Player X moved to (1, 2)
2023-12-05 21:52:28 INFO: Player O moved to (0, 2)
2023-12-05 21:52:32 INFO: Game started
2023-12-05 21:52:34 INFO: Player X moved to (1, 1)
2023-12-05 21:52:34 INFO: Player O moved to (2, 1)
2023-12-05 21:52:36 INFO: Player X moved to (2, 2)
2023-12-05 21:52:36 INFO: Player O moved to (0, 1)
2023-12-05 21:52:39 INFO: Player X moved to (1, 0)
2023-12-05 21:52:39 INFO: Player O moved to (0, 0)
2023-12-05 21:52:40 INFO: Player X moved to (0, 2)
2023-12-05 21:52:40 INFO: Player O moved to (1, 2)
2023-12-05 21:52:42 WARNING: Invalid move by X
2023-12-05 21:52:44 INFO: Player X moved to (2, 0)
2023-12-05 21:52:47 INFO: Game started
2023-12-05 21:52:50 INFO: Player X moved to (0, 0)
2023-12-05 21:52:50 INFO: Player O moved to (0, 1)
2023-12-05 21:52:52 INFO: Player X moved to (0, 2)
2023-12-05 21:52:52 INFO: Player O moved to (2, 2)
2023-12-05 21:52:53 INFO: Player X moved to (1, 2)
2023-12-05 21:52:53 INFO: Player O moved to (2, 0)
2023-12-05 21:52:55 WARNING: Invalid move by X
2023-12-05 21:52:58 INFO: Player X moved to (1, 1)
2023-12-05 21:52:58 INFO: Player O moved to (1, 0)
2023-12-05 21:53:00 INFO: Player X moved to (2, 1)
2023-12-05 21:53:11 INFO: Game started
2023-12-05 21:53:14 INFO: Player X moved to (0, 1)
2023-12-05 21:53:14 INFO: Player O moved to (0, 2)
2023-12-05 21:53:15 INFO: Player X moved to (1, 2)
2023-12-05 21:53:15 INFO: Player O moved to (2, 2)
2023-12-05 21:53:16 INFO: Player X moved to (2, 1)
2023-12-05 21:53:16 INFO: Player O moved to (1, 1)
2023-12-05 21:53:17 INFO: Player X moved to (0, 0)
2023-12-05 21:53:17 INFO: Player O moved to (2, 0)
2023-12-05 21:53:22 INFO: Game started
2023-12-05 21:53:23 INFO: Player X moved to (1, 1)
2023-12-05 21:53:23 INFO: Player O moved to (0, 0)
2023-12-05 21:53:25 INFO: Player X moved to (1, 2)
2023-12-05 21:53:25 INFO: Player O moved to (2, 1)
2023-12-05 21:53:26 INFO: Player X moved to (1, 0)
2023-12-05 21:53:32 INFO: Game started
2023-12-05 21:53:33 INFO: Player X moved to (2, 0)
2023-12-05 21:53:33 INFO: Player O moved to (0, 1)
2023-12-05 21:53:34 WARNING: Invalid move by X
2023-12-05 21:53:36 INFO: Player X moved to (1, 0)
2023-12-05 21:53:36 INFO: Player O moved to (2, 1)
2023-12-05 21:53:37 INFO: Player X moved to (2, 2)
2023-12-05 21:53:37 INFO: Player O moved to (1, 2)
2023-12-05 21:53:41 INFO: Player X moved to (0, 0)
2023-12-05 21:53:44 INFO: Game started
2023-12-05 21:53:46 INFO: Player X moved to (1, 2)
2023-12-05 21:53:46 INFO: Player O moved to (1, 1)
2023-12-05 21:53:47 INFO: Player X moved to (2, 0)
2023-12-05 21:53:47 INFO: Player O moved to (0, 0)
2023-12-05 21:53:49 INFO: Player X moved to (0, 1)
2023-12-05 21:53:49 INFO: Player O moved to (2, 1)
2023-12-05 21:53:52 INFO: Player X moved to (1, 0)
2023-12-05 21:53:52 INFO: Player O moved to (2, 2)
2023-12-05 21:53:56 INFO: Game started
2023-12-05 21:53:58 INFO: Player X moved to (0, 0)
2023-12-05 21:53:58 INFO: Player O moved to (2, 2)
2023-12-05 21:54:01 INFO: Player X moved to (2, 0)
2023-12-05 21:54:01 INFO: Player O moved to (0, 2)
2023-12-05 21:54:03 INFO: Player X moved to (1, 0)
2023-12-05 21:54:09 INFO: Game started
2023-12-05 21:54:11 INFO: Player X moved to (0, 0)
2023-12-05 21:54:11 INFO: Player O moved to (0, 2)
2023-12-05 21:54:12 INFO: Player X moved to (2, 2)
2023-12-05 21:54:12 INFO: Player O moved to (1, 0)
2023-12-05 21:54:16 INFO: Player X moved to (2, 0)
2023-12-05 21:54:16 INFO: Player O moved to (2, 1)
2023-12-05 21:54:22 WARNING: Invalid move by X
2023-12-05 21:54:23 INFO: Player X moved to (1, 2)
2023-12-05 21:54:23 INFO: Player O moved to (1, 1)
2023-12-05 21:54:26 INFO: Player X moved to (0, 1)
2023-12-05 21:54:31 INFO: Game started
2023-12-05 21:54:32 INFO: Player X moved to (1, 1)
2023-12-05 21:54:32 INFO: Player O moved to (0, 1)
2023-12-05 21:54:32 INFO: Player X moved to (2, 2)
2023-12-05 21:54:32 INFO: Player O moved to (0, 2)
2023-12-05 21:54:34 INFO: Player X moved to (1, 2)
2023-12-05 21:54:34 INFO: Player O moved to (2, 1)
2023-12-05 21:54:38 INFO: Player X moved to (1, 0)
2023-12-05 21:55:39 INFO: Game started
2023-12-05 21:55:41 INFO: Player X moved to (2, 1)
2023-12-05 21:55:41 INFO: Player O moved to (1, 0)
2023-12-05 21:55:43 INFO: Player X moved to (2, 2)
2023-12-05 21:55:43 INFO: Player O moved to (0, 1)
2023-12-05 21:55:44 INFO: Player X moved to (1, 1)
2023-12-05 21:55:44 INFO: Player O moved to (0, 0)
2023-12-05 21:55:47 INFO: Player X moved to (1, 2)
2023-12-05 21:55:47 INFO: Player O moved to (2, 0)
2023-12-05 21:55:52 INFO: Game started
2023-12-05 21:55:53 INFO: Player X moved to (2, 2)
2023-12-05 21:55:53 INFO: Player O moved to (1, 1)
2023-12-05 21:55:55 INFO: Player X moved to (0, 1)
2023-12-05 21:55:55 INFO: Player O moved to (0, 2)
2023-12-05 21:55:57 INFO: Player X moved to (0, 0)
2023-12-05 21:55:57 INFO: Player O moved to (1, 2)
2023-12-05 21:55:59 INFO: Player X moved to (1, 0)
2023-12-05 21:55:59 INFO: Player O moved to (2, 1)
2023-12-05 21:56:00 INFO: Player X moved to (2, 0)
2023-12-05 21:56:03 INFO: Game started
2023-12-05 21:56:05 INFO: Player X moved to (0, 0)
2023-12-05 21:56:05 INFO: Player O moved to (2, 0)
2023-12-05 21:56:05 INFO: Player X moved to (1, 1)
2023-12-05 21:56:05 INFO: Player O moved to (2, 2)
2023-12-05 21:56:06 WARNING: Invalid move by X
2023-12-05 21:56:08 INFO: Player X moved to (0, 1)
2023-12-05 21:56:08 INFO: Player O moved to (0, 2)
2023-12-05 21:56:10 INFO: Player X moved to (2, 1)
2023-12-05 21:56:14 INFO: Game started
2023-12-05 21:56:17 INFO: Player X moved to (1, 2)
2023-12-05 21:56:17 INFO: Player O moved to (0, 2)
2023-12-05 21:56:18 INFO: Player X moved to (2, 1)
2023-12-05 21:56:18 INFO: Player O moved to (0, 1)
2023-12-05 21:56:19 INFO: Player X moved to (1, 0)
2023-12-05 21:56:19 INFO: Player O moved to (1, 1)
2023-12-05 21:56:20 INFO: Player X moved to (2, 2)
2023-12-05 21:56:20 INFO: Player O moved to (2, 0)
2023-12-05 22:46:11 INFO: Game started
2023-12-05 22:46:14 INFO: Player X moved to (1, 1)
2023-12-05 22:46:14 INFO: Player O moved to (0, 0)
2023-12-05 22:46:19 INFO: Player X moved to (2, 0)
2023-12-05 22:46:19 INFO: Player O moved to (1, 0)
2023-12-05 22:46:23 INFO: Player X moved to (2, 2)
2023-12-05 22:46:23 INFO: Player O moved to (0, 1)
2023-12-05 22:46:25 INFO: Player X moved to (0, 2)
2023-12-05 22:46:31 INFO: Game started
2023-12-05 22:46:32 INFO: Player X moved to (1, 1)
2023-12-05 22:46:32 INFO: Player O moved to (0, 2)
2023-12-05 22:46:33 INFO: Player X moved to (2, 2)
2023-12-05 22:46:33 INFO: Player O moved to (2, 0)
2023-12-05 22:46:37 INFO: Player X moved to (0, 1)
2023-12-05 22:46:37 INFO: Player O moved to (2, 1)
2023-12-05 22:46:39 INFO: Player X moved to (0, 0)
2023-12-05 22:46:42 INFO: Game started
2023-12-05 22:46:45 INFO: Player X moved to (0, 0)
2023-12-05 22:46:45 INFO: Player O moved to (2, 2)
2023-12-05 22:46:49 INFO: Player X moved to (2, 0)
2023-12-05 22:46:49 INFO: Player O moved to (1, 2)
2023-12-05 22:46:52 INFO: Player X moved to (0, 2)
2023-12-05 22:46:52 INFO: Player O moved to (1, 0)
2023-12-05 22:47:02 INFO: Player X moved to (0, 1)
